<?xml version="1.0" encoding="UTF-8"?>
<coverage generated="1565983465771" clover="3.2.0">
  <project timestamp="1565983465771" name="All files">
    <metrics statements="141" coveredstatements="120" conditionals="63" coveredconditionals="38" methods="7" coveredmethods="7" elements="211" coveredelements="165" complexity="0" loc="141" ncloc="141" packages="9" files="20" classes="20">
      <package name="data">
        <metrics statements="0" coveredstatements="0" conditionals="0" coveredconditionals="0" methods="0" coveredmethods="0"/>
        <file name="SampleClaims.js" path="/Users/mmconnell/Desktop/GitHub/accums/data/SampleClaims.js">
          <metrics statements="0" coveredstatements="0" conditionals="0" coveredconditionals="0" methods="0" coveredmethods="0"/>
        </file>
        <file name="SampleElig.js" path="/Users/mmconnell/Desktop/GitHub/accums/data/SampleElig.js">
          <metrics statements="0" coveredstatements="0" conditionals="0" coveredconditionals="0" methods="0" coveredmethods="0"/>
        </file>
      </package>
      <package name="src">
        <metrics statements="1" coveredstatements="1" conditionals="0" coveredconditionals="0" methods="0" coveredmethods="0"/>
        <file name="App.vue" path="/Users/mmconnell/Desktop/GitHub/accums/src/App.vue">
          <metrics statements="1" coveredstatements="1" conditionals="0" coveredconditionals="0" methods="0" coveredmethods="0"/>
          <line num="10" count="1" type="stmt"/>
        </file>
      </package>
      <package name="src.components.layout">
        <metrics statements="76" coveredstatements="68" conditionals="39" coveredconditionals="30" methods="3" coveredmethods="3"/>
        <file name="AccumsDashboard.vue" path="/Users/mmconnell/Desktop/GitHub/accums/src/components/layout/AccumsDashboard.vue">
          <metrics statements="32" coveredstatements="27" conditionals="19" coveredconditionals="15" methods="1" coveredmethods="1"/>
          <line num="10" count="2" type="stmt"/>
          <line num="12" count="2" type="stmt"/>
          <line num="26" count="5" type="stmt"/>
          <line num="61" count="5" type="stmt"/>
          <line num="62" count="5" type="stmt"/>
          <line num="65" count="5" type="stmt"/>
          <line num="67" count="5" type="stmt"/>
          <line num="69" count="5" type="stmt"/>
          <line num="71" count="5" type="stmt"/>
          <line num="72" count="35" type="stmt"/>
          <line num="74" count="35" type="cond" truecount="2" falsecount="0"/>
          <line num="75" count="5" type="cond" truecount="1" falsecount="1"/>
          <line num="76" count="5" type="stmt"/>
          <line num="78" count="0" type="stmt"/>
          <line num="82" count="35" type="cond" truecount="2" falsecount="0"/>
          <line num="84" count="5" type="stmt"/>
          <line num="86" count="0" type="stmt"/>
          <line num="87" count="0" type="stmt"/>
          <line num="89" count="5" type="stmt"/>
          <line num="90" count="5" type="stmt"/>
          <line num="92" count="0" type="stmt"/>
          <line num="93" count="0" type="stmt"/>
          <line num="97" count="35" type="cond" truecount="2" falsecount="0"/>
          <line num="98" count="5" type="stmt"/>
          <line num="101" count="35" type="cond" truecount="2" falsecount="0"/>
          <line num="102" count="5" type="stmt"/>
          <line num="105" count="35" type="cond" truecount="2" falsecount="0"/>
          <line num="106" count="5" type="stmt"/>
          <line num="112" count="35" type="cond" truecount="3" falsecount="1"/>
          <line num="113" count="35" type="stmt"/>
          <line num="117" count="5" type="stmt"/>
          <line num="119" count="5" type="stmt"/>
        </file>
        <file name="CoveragesDashboard.vue" path="/Users/mmconnell/Desktop/GitHub/accums/src/components/layout/CoveragesDashboard.vue">
          <metrics statements="20" coveredstatements="20" conditionals="8" coveredconditionals="6" methods="1" coveredmethods="1"/>
          <line num="16" count="3" type="stmt"/>
          <line num="18" count="3" type="stmt"/>
          <line num="38" count="8" type="stmt"/>
          <line num="61" count="8" type="stmt"/>
          <line num="62" count="8" type="stmt"/>
          <line num="64" count="8" type="cond" truecount="1" falsecount="1"/>
          <line num="65" count="8" type="stmt"/>
          <line num="66" count="28" type="stmt"/>
          <line num="67" count="28" type="stmt"/>
          <line num="69" count="28" type="stmt"/>
          <line num="73" count="8" type="stmt"/>
          <line num="74" count="16" type="stmt"/>
          <line num="76" count="16" type="stmt"/>
          <line num="77" count="64" type="stmt"/>
          <line num="79" count="64" type="cond" truecount="2" falsecount="0"/>
          <line num="80" count="32" type="stmt"/>
          <line num="83" count="64" type="cond" truecount="3" falsecount="1"/>
          <line num="84" count="64" type="stmt"/>
          <line num="88" count="16" type="stmt"/>
          <line num="90" count="8" type="stmt"/>
        </file>
        <file name="GapsDashboard.vue" path="/Users/mmconnell/Desktop/GitHub/accums/src/components/layout/GapsDashboard.vue">
          <metrics statements="21" coveredstatements="20" conditionals="12" coveredconditionals="9" methods="1" coveredmethods="1"/>
          <line num="10" count="2" type="stmt"/>
          <line num="12" count="2" type="stmt"/>
          <line num="26" count="3" type="stmt"/>
          <line num="57" count="3" type="stmt"/>
          <line num="58" count="3" type="stmt"/>
          <line num="61" count="3" type="stmt"/>
          <line num="63" count="3" type="stmt"/>
          <line num="64" count="3" type="stmt"/>
          <line num="66" count="3" type="stmt"/>
          <line num="67" count="18" type="stmt"/>
          <line num="69" count="18" type="cond" truecount="2" falsecount="0"/>
          <line num="70" count="3" type="stmt"/>
          <line num="73" count="18" type="cond" truecount="2" falsecount="0"/>
          <line num="74" count="3" type="cond" truecount="1" falsecount="1"/>
          <line num="75" count="3" type="stmt"/>
          <line num="77" count="3" type="cond" truecount="1" falsecount="1"/>
          <line num="78" count="0" type="stmt"/>
          <line num="82" count="18" type="cond" truecount="3" falsecount="1"/>
          <line num="83" count="18" type="stmt"/>
          <line num="87" count="3" type="stmt"/>
          <line num="89" count="3" type="stmt"/>
        </file>
        <file name="NavBar.vue" path="/Users/mmconnell/Desktop/GitHub/accums/src/components/layout/NavBar.vue">
          <metrics statements="3" coveredstatements="1" conditionals="0" coveredconditionals="0" methods="0" coveredmethods="0"/>
          <line num="44" count="1" type="stmt"/>
          <line num="48" count="0" type="stmt"/>
          <line num="55" count="0" type="stmt"/>
        </file>
      </package>
      <package name="src.components.ui">
        <metrics statements="16" coveredstatements="10" conditionals="10" coveredconditionals="3" methods="2" coveredmethods="2"/>
        <file name="BaseModal.vue" path="/Users/mmconnell/Desktop/GitHub/accums/src/components/ui/BaseModal.vue">
          <metrics statements="1" coveredstatements="1" conditionals="0" coveredconditionals="0" methods="0" coveredmethods="0"/>
          <line num="22" count="2" type="stmt"/>
        </file>
        <file name="DataTable.vue" path="/Users/mmconnell/Desktop/GitHub/accums/src/components/ui/DataTable.vue">
          <metrics statements="15" coveredstatements="9" conditionals="10" coveredconditionals="3" methods="2" coveredmethods="2"/>
          <line num="31" count="5" type="stmt"/>
          <line num="42" count="8" type="stmt"/>
          <line num="50" count="8" type="stmt"/>
          <line num="52" count="8" type="stmt"/>
          <line num="53" count="8" type="stmt"/>
          <line num="55" count="8" type="cond" truecount="1" falsecount="1"/>
          <line num="56" count="0" type="stmt"/>
          <line num="59" count="8" type="cond" truecount="1" falsecount="1"/>
          <line num="60" count="0" type="stmt"/>
          <line num="61" count="8" type="cond" truecount="1" falsecount="1"/>
          <line num="62" count="0" type="stmt"/>
          <line num="64" count="8" type="stmt"/>
          <line num="71" count="0" type="cond" truecount="0" falsecount="2"/>
          <line num="72" count="0" type="cond" truecount="0" falsecount="2"/>
          <line num="76" count="0" type="stmt"/>
        </file>
      </package>
      <package name="src.components.views.Eligibility">
        <metrics statements="21" coveredstatements="21" conditionals="6" coveredconditionals="3" methods="2" coveredmethods="2"/>
        <file name="ContactInfo.vue" path="/Users/mmconnell/Desktop/GitHub/accums/src/components/views/Eligibility/ContactInfo.vue">
          <metrics statements="1" coveredstatements="1" conditionals="0" coveredconditionals="0" methods="0" coveredmethods="0"/>
          <line num="40" count="1" type="stmt"/>
        </file>
        <file name="EmploymentInfo.vue" path="/Users/mmconnell/Desktop/GitHub/accums/src/components/views/Eligibility/EmploymentInfo.vue">
          <metrics statements="1" coveredstatements="1" conditionals="0" coveredconditionals="0" methods="0" coveredmethods="0"/>
          <line num="20" count="1" type="stmt"/>
        </file>
        <file name="PersonalInfo.vue" path="/Users/mmconnell/Desktop/GitHub/accums/src/components/views/Eligibility/PersonalInfo.vue">
          <metrics statements="1" coveredstatements="1" conditionals="0" coveredconditionals="0" methods="0" coveredmethods="0"/>
          <line num="39" count="1" type="stmt"/>
        </file>
        <file name="PlanInfo.vue" path="/Users/mmconnell/Desktop/GitHub/accums/src/components/views/Eligibility/PlanInfo.vue">
          <metrics statements="1" coveredstatements="1" conditionals="0" coveredconditionals="0" methods="0" coveredmethods="0"/>
          <line num="37" count="1" type="stmt"/>
        </file>
        <file name="index.vue" path="/Users/mmconnell/Desktop/GitHub/accums/src/components/views/Eligibility/index.vue">
          <metrics statements="17" coveredstatements="17" conditionals="6" coveredconditionals="3" methods="2" coveredmethods="2"/>
          <line num="1" count="1" type="stmt"/>
          <line num="4" count="1" type="stmt"/>
          <line num="6" count="1" type="stmt"/>
          <line num="9" count="1" type="stmt"/>
          <line num="11" count="1" type="stmt"/>
          <line num="13" count="1" type="stmt"/>
          <line num="15" count="1" type="stmt"/>
          <line num="17" count="1" type="stmt"/>
          <line num="19" count="1" type="stmt"/>
          <line num="21" count="1" type="stmt"/>
          <line num="23" count="1" type="stmt"/>
          <line num="67" count="1" type="stmt"/>
          <line num="79" count="1" type="stmt"/>
          <line num="88" count="1" type="stmt"/>
          <line num="90" count="1" type="cond" truecount="2" falsecount="2"/>
          <line num="91" count="1" type="cond" truecount="1" falsecount="1"/>
          <line num="92" count="1" type="stmt"/>
        </file>
      </package>
      <package name="src.components.views.Home">
        <metrics statements="3" coveredstatements="3" conditionals="0" coveredconditionals="0" methods="0" coveredmethods="0"/>
        <file name="index.vue" path="/Users/mmconnell/Desktop/GitHub/accums/src/components/views/Home/index.vue">
          <metrics statements="3" coveredstatements="3" conditionals="0" coveredconditionals="0" methods="0" coveredmethods="0"/>
          <line num="21" count="1" type="stmt"/>
          <line num="23" count="1" type="stmt"/>
          <line num="31" count="4" type="stmt"/>
        </file>
      </package>
      <package name="src.mixins">
        <metrics statements="15" coveredstatements="10" conditionals="8" coveredconditionals="2" methods="0" coveredmethods="0"/>
        <file name="dataHelpers.js" path="/Users/mmconnell/Desktop/GitHub/accums/src/mixins/dataHelpers.js">
          <metrics statements="15" coveredstatements="10" conditionals="8" coveredconditionals="2" methods="0" coveredmethods="0"/>
          <line num="1" count="5" type="stmt"/>
          <line num="4" count="5" type="stmt"/>
          <line num="7" count="63" type="cond" truecount="1" falsecount="1"/>
          <line num="8" count="63" type="stmt"/>
          <line num="9" count="63" type="stmt"/>
          <line num="10" count="63" type="stmt"/>
          <line num="11" count="63" type="stmt"/>
          <line num="13" count="63" type="stmt"/>
          <line num="15" count="0" type="stmt"/>
          <line num="18" count="10" type="cond" truecount="1" falsecount="1"/>
          <line num="19" count="10" type="stmt"/>
          <line num="23" count="0" type="cond" truecount="0" falsecount="2"/>
          <line num="24" count="0" type="stmt"/>
          <line num="28" count="0" type="cond" truecount="0" falsecount="2"/>
          <line num="29" count="0" type="stmt"/>
        </file>
      </package>
      <package name="src.store">
        <metrics statements="3" coveredstatements="3" conditionals="0" coveredconditionals="0" methods="0" coveredmethods="0"/>
        <file name="index.js" path="/Users/mmconnell/Desktop/GitHub/accums/src/store/index.js">
          <metrics statements="1" coveredstatements="1" conditionals="0" coveredconditionals="0" methods="0" coveredmethods="0"/>
          <line num="11" count="2" type="stmt"/>
        </file>
        <file name="mutation-types.js" path="/Users/mmconnell/Desktop/GitHub/accums/src/store/mutation-types.js">
          <metrics statements="2" coveredstatements="2" conditionals="0" coveredconditionals="0" methods="0" coveredmethods="0"/>
          <line num="2" count="2" type="stmt"/>
          <line num="5" count="2" type="stmt"/>
        </file>
      </package>
      <package name="src.store.modules">
        <metrics statements="6" coveredstatements="4" conditionals="0" coveredconditionals="0" methods="0" coveredmethods="0"/>
        <file name="modal.js" path="/Users/mmconnell/Desktop/GitHub/accums/src/store/modules/modal.js">
          <metrics statements="3" coveredstatements="2" conditionals="0" coveredconditionals="0" methods="0" coveredmethods="0"/>
          <line num="5" count="2" type="stmt"/>
          <line num="9" count="2" type="stmt"/>
          <line num="11" count="0" type="stmt"/>
        </file>
        <file name="navbar.js" path="/Users/mmconnell/Desktop/GitHub/accums/src/store/modules/navbar.js">
          <metrics statements="3" coveredstatements="2" conditionals="0" coveredconditionals="0" methods="0" coveredmethods="0"/>
          <line num="3" count="2" type="stmt"/>
          <line num="7" count="2" type="stmt"/>
          <line num="9" count="0" type="stmt"/>
        </file>
      </package>
    </metrics>
  </project>
</coverage>
