{"/Users/mmconnell/Desktop/GitHub/accums/data/SampleClaims.js": {"path":"/Users/mmconnell/Desktop/GitHub/accums/data/SampleClaims.js","statementMap":{},"fnMap":{},"branchMap":{},"s":{},"f":{},"b":{},"_coverageSchema":"332fd63041d2c1bcb487cc26dd0d5f7d97098a6c","hash":"ebb3f29d453a9e37249e6dd1e1516dcfd02ba899"}
,"/Users/mmconnell/Desktop/GitHub/accums/data/SampleElig.js": {"path":"/Users/mmconnell/Desktop/GitHub/accums/data/SampleElig.js","statementMap":{},"fnMap":{},"branchMap":{},"s":{},"f":{},"b":{},"_coverageSchema":"332fd63041d2c1bcb487cc26dd0d5f7d97098a6c","hash":"d13e5807376d3f244c41c410bd009b957813d0cc"}
,"/Users/mmconnell/Desktop/GitHub/accums/src/App.vue": {"path":"/Users/mmconnell/Desktop/GitHub/accums/src/App.vue","statementMap":{"0":{"start":{"line":10,"column":0},"end":{"line":null,"column":-1}}},"fnMap":{},"branchMap":{},"s":{"0":1},"f":{},"b":{}}
,"/Users/mmconnell/Desktop/GitHub/accums/src/components/layout/AccumsDashboard.vue": {"path":"/Users/mmconnell/Desktop/GitHub/accums/src/components/layout/AccumsDashboard.vue","statementMap":{"0":{"start":{"line":10,"column":0},"end":{"line":null,"column":-1}},"1":{"start":{"line":12,"column":0},"end":{"line":null,"column":-1}},"2":{"start":{"line":26,"column":0},"end":{"line":null,"column":-1}},"3":{"start":{"line":61,"column":0},"end":{"line":63,"column":0}},"4":{"start":{"line":62,"column":0},"end":{"line":null,"column":-1}},"5":{"start":{"line":65,"column":0},"end":{"line":null,"column":-1}},"6":{"start":{"line":67,"column":0},"end":{"line":118,"column":0}},"7":{"start":{"line":69,"column":0},"end":{"line":null,"column":-1}},"8":{"start":{"line":71,"column":0},"end":{"line":116,"column":0}},"9":{"start":{"line":72,"column":0},"end":{"line":null,"column":-1}},"10":{"start":{"line":74,"column":0},"end":{"line":80,"column":0}},"11":{"start":{"line":75,"column":0},"end":{"line":79,"column":0}},"12":{"start":{"line":76,"column":0},"end":{"line":null,"column":-1}},"13":{"start":{"line":78,"column":0},"end":{"line":null,"column":-1}},"14":{"start":{"line":82,"column":0},"end":{"line":95,"column":0}},"15":{"start":{"line":84,"column":0},"end":{"line":null,"column":-1}},"16":{"start":{"line":86,"column":0},"end":{"line":null,"column":-1}},"17":{"start":{"line":87,"column":0},"end":{"line":null,"column":-1}},"18":{"start":{"line":89,"column":0},"end":{"line":null,"column":-1}},"19":{"start":{"line":90,"column":0},"end":{"line":null,"column":-1}},"20":{"start":{"line":92,"column":0},"end":{"line":null,"column":-1}},"21":{"start":{"line":93,"column":0},"end":{"line":null,"column":-1}},"22":{"start":{"line":97,"column":0},"end":{"line":99,"column":0}},"23":{"start":{"line":98,"column":0},"end":{"line":null,"column":-1}},"24":{"start":{"line":101,"column":0},"end":{"line":103,"column":0}},"25":{"start":{"line":102,"column":0},"end":{"line":null,"column":-1}},"26":{"start":{"line":105,"column":0},"end":{"line":110,"column":0}},"27":{"start":{"line":106,"column":0},"end":{"line":null,"column":-1}},"28":{"start":{"line":112,"column":0},"end":{"line":114,"column":0}},"29":{"start":{"line":113,"column":0},"end":{"line":null,"column":-1}},"30":{"start":{"line":117,"column":0},"end":{"line":null,"column":-1}},"31":{"start":{"line":119,"column":0},"end":{"line":null,"column":-1}}},"fnMap":{"0":{"name":"(anonymous_1)","decl":{"start":{"line":61,"column":0},"end":{"line":null,"column":-1}},"loc":{"start":{"line":61,"column":0},"end":{"line":63,"column":0}}}},"branchMap":{"0":{"loc":{"start":{"line":74,"column":0},"end":{"line":80,"column":0}},"type":"if","locations":[{"start":{"line":74,"column":0},"end":{"line":80,"column":0}},{"start":{"line":74,"column":0},"end":{"line":80,"column":0}}]},"1":{"loc":{"start":{"line":75,"column":0},"end":{"line":79,"column":0}},"type":"if","locations":[{"start":{"line":75,"column":0},"end":{"line":79,"column":0}},{"start":{"line":75,"column":0},"end":{"line":79,"column":0}}]},"2":{"loc":{"start":{"line":82,"column":0},"end":{"line":95,"column":0}},"type":"if","locations":[{"start":{"line":82,"column":0},"end":{"line":95,"column":0}},{"start":{"line":82,"column":0},"end":{"line":95,"column":0}}]},"3":{"loc":{"start":{"line":85,"column":0},"end":{"line":87,"column":0}},"type":"switch","locations":[{"start":{"line":85,"column":0},"end":{"line":87,"column":0}},{"start":{"line":88,"column":0},"end":{"line":90,"column":0}},{"start":{"line":91,"column":0},"end":{"line":93,"column":0}}]},"4":{"loc":{"start":{"line":97,"column":0},"end":{"line":99,"column":0}},"type":"if","locations":[{"start":{"line":97,"column":0},"end":{"line":99,"column":0}},{"start":{"line":97,"column":0},"end":{"line":99,"column":0}}]},"5":{"loc":{"start":{"line":101,"column":0},"end":{"line":103,"column":0}},"type":"if","locations":[{"start":{"line":101,"column":0},"end":{"line":103,"column":0}},{"start":{"line":101,"column":0},"end":{"line":103,"column":0}}]},"6":{"loc":{"start":{"line":105,"column":0},"end":{"line":110,"column":0}},"type":"if","locations":[{"start":{"line":105,"column":0},"end":{"line":110,"column":0}},{"start":{"line":105,"column":0},"end":{"line":110,"column":0}}]},"7":{"loc":{"start":{"line":112,"column":0},"end":{"line":114,"column":0}},"type":"if","locations":[{"start":{"line":112,"column":0},"end":{"line":114,"column":0}},{"start":{"line":112,"column":0},"end":{"line":114,"column":0}}]},"8":{"loc":{"start":{"line":112,"column":0},"end":{"line":null,"column":-1}},"type":"binary-expr","locations":[{"start":{"line":112,"column":0},"end":{"line":null,"column":-1}},{"start":{"line":112,"column":0},"end":{"line":null,"column":-1}}]}},"s":{"0":2,"1":2,"2":5,"3":5,"4":5,"5":5,"6":5,"7":5,"8":5,"9":35,"10":35,"11":5,"12":5,"13":0,"14":35,"15":5,"16":0,"17":0,"18":5,"19":5,"20":0,"21":0,"22":35,"23":5,"24":35,"25":5,"26":35,"27":5,"28":35,"29":35,"30":5,"31":5},"f":{"0":5},"b":{"0":[5,30],"1":[5,0],"2":[5,30],"3":[0,5,0],"4":[5,30],"5":[5,30],"6":[5,30],"7":[35,0],"8":[35,35]}}
,"/Users/mmconnell/Desktop/GitHub/accums/src/components/layout/CoveragesDashboard.vue": {"path":"/Users/mmconnell/Desktop/GitHub/accums/src/components/layout/CoveragesDashboard.vue","statementMap":{"0":{"start":{"line":16,"column":0},"end":{"line":null,"column":-1}},"1":{"start":{"line":18,"column":0},"end":{"line":null,"column":-1}},"2":{"start":{"line":38,"column":0},"end":{"line":null,"column":-1}},"3":{"start":{"line":61,"column":0},"end":{"line":null,"column":-1}},"4":{"start":{"line":62,"column":0},"end":{"line":null,"column":-1}},"5":{"start":{"line":64,"column":0},"end":{"line":71,"column":0}},"6":{"start":{"line":65,"column":0},"end":{"line":70,"column":0}},"7":{"start":{"line":66,"column":0},"end":{"line":null,"column":-1}},"8":{"start":{"line":67,"column":0},"end":{"line":null,"column":-1}},"9":{"start":{"line":69,"column":0},"end":{"line":null,"column":-1}},"10":{"start":{"line":73,"column":0},"end":{"line":89,"column":0}},"11":{"start":{"line":74,"column":0},"end":{"line":null,"column":-1}},"12":{"start":{"line":76,"column":0},"end":{"line":86,"column":0}},"13":{"start":{"line":77,"column":0},"end":{"line":null,"column":-1}},"14":{"start":{"line":79,"column":0},"end":{"line":81,"column":0}},"15":{"start":{"line":80,"column":0},"end":{"line":null,"column":-1}},"16":{"start":{"line":83,"column":0},"end":{"line":85,"column":0}},"17":{"start":{"line":84,"column":0},"end":{"line":null,"column":-1}},"18":{"start":{"line":88,"column":0},"end":{"line":null,"column":-1}},"19":{"start":{"line":90,"column":0},"end":{"line":null,"column":-1}}},"fnMap":{"0":{"name":"(anonymous_1)","decl":{"start":{"line":65,"column":0},"end":{"line":null,"column":-1}},"loc":{"start":{"line":65,"column":0},"end":{"line":70,"column":0}}}},"branchMap":{"0":{"loc":{"start":{"line":64,"column":0},"end":{"line":71,"column":0}},"type":"if","locations":[{"start":{"line":64,"column":0},"end":{"line":71,"column":0}},{"start":{"line":64,"column":0},"end":{"line":71,"column":0}}]},"1":{"loc":{"start":{"line":79,"column":0},"end":{"line":81,"column":0}},"type":"if","locations":[{"start":{"line":79,"column":0},"end":{"line":81,"column":0}},{"start":{"line":79,"column":0},"end":{"line":81,"column":0}}]},"2":{"loc":{"start":{"line":83,"column":0},"end":{"line":85,"column":0}},"type":"if","locations":[{"start":{"line":83,"column":0},"end":{"line":85,"column":0}},{"start":{"line":83,"column":0},"end":{"line":85,"column":0}}]},"3":{"loc":{"start":{"line":83,"column":0},"end":{"line":null,"column":-1}},"type":"binary-expr","locations":[{"start":{"line":83,"column":0},"end":{"line":null,"column":-1}},{"start":{"line":83,"column":0},"end":{"line":null,"column":-1}}]}},"s":{"0":3,"1":3,"2":8,"3":8,"4":8,"5":8,"6":8,"7":28,"8":28,"9":28,"10":8,"11":16,"12":16,"13":64,"14":64,"15":32,"16":64,"17":64,"18":16,"19":8},"f":{"0":28},"b":{"0":[8,0],"1":[32,32],"2":[64,0],"3":[64,64]}}
,"/Users/mmconnell/Desktop/GitHub/accums/src/components/layout/GapsDashboard.vue": {"path":"/Users/mmconnell/Desktop/GitHub/accums/src/components/layout/GapsDashboard.vue","statementMap":{"0":{"start":{"line":10,"column":0},"end":{"line":null,"column":-1}},"1":{"start":{"line":12,"column":0},"end":{"line":null,"column":-1}},"2":{"start":{"line":26,"column":0},"end":{"line":null,"column":-1}},"3":{"start":{"line":57,"column":0},"end":{"line":59,"column":0}},"4":{"start":{"line":58,"column":0},"end":{"line":null,"column":-1}},"5":{"start":{"line":61,"column":0},"end":{"line":null,"column":-1}},"6":{"start":{"line":63,"column":0},"end":{"line":88,"column":0}},"7":{"start":{"line":64,"column":0},"end":{"line":null,"column":-1}},"8":{"start":{"line":66,"column":0},"end":{"line":85,"column":0}},"9":{"start":{"line":67,"column":0},"end":{"line":null,"column":-1}},"10":{"start":{"line":69,"column":0},"end":{"line":71,"column":0}},"11":{"start":{"line":70,"column":0},"end":{"line":null,"column":-1}},"12":{"start":{"line":73,"column":0},"end":{"line":80,"column":0}},"13":{"start":{"line":74,"column":0},"end":{"line":76,"column":0}},"14":{"start":{"line":75,"column":0},"end":{"line":null,"column":-1}},"15":{"start":{"line":77,"column":0},"end":{"line":79,"column":0}},"16":{"start":{"line":78,"column":0},"end":{"line":null,"column":-1}},"17":{"start":{"line":82,"column":0},"end":{"line":84,"column":0}},"18":{"start":{"line":83,"column":0},"end":{"line":null,"column":-1}},"19":{"start":{"line":87,"column":0},"end":{"line":null,"column":-1}},"20":{"start":{"line":89,"column":0},"end":{"line":null,"column":-1}}},"fnMap":{"0":{"name":"(anonymous_1)","decl":{"start":{"line":57,"column":0},"end":{"line":null,"column":-1}},"loc":{"start":{"line":57,"column":0},"end":{"line":59,"column":0}}}},"branchMap":{"0":{"loc":{"start":{"line":69,"column":0},"end":{"line":71,"column":0}},"type":"if","locations":[{"start":{"line":69,"column":0},"end":{"line":71,"column":0}},{"start":{"line":69,"column":0},"end":{"line":71,"column":0}}]},"1":{"loc":{"start":{"line":73,"column":0},"end":{"line":80,"column":0}},"type":"if","locations":[{"start":{"line":73,"column":0},"end":{"line":80,"column":0}},{"start":{"line":73,"column":0},"end":{"line":80,"column":0}}]},"2":{"loc":{"start":{"line":74,"column":0},"end":{"line":76,"column":0}},"type":"if","locations":[{"start":{"line":74,"column":0},"end":{"line":76,"column":0}},{"start":{"line":74,"column":0},"end":{"line":76,"column":0}}]},"3":{"loc":{"start":{"line":77,"column":0},"end":{"line":79,"column":0}},"type":"if","locations":[{"start":{"line":77,"column":0},"end":{"line":79,"column":0}},{"start":{"line":77,"column":0},"end":{"line":79,"column":0}}]},"4":{"loc":{"start":{"line":82,"column":0},"end":{"line":84,"column":0}},"type":"if","locations":[{"start":{"line":82,"column":0},"end":{"line":84,"column":0}},{"start":{"line":82,"column":0},"end":{"line":84,"column":0}}]},"5":{"loc":{"start":{"line":82,"column":0},"end":{"line":null,"column":-1}},"type":"binary-expr","locations":[{"start":{"line":82,"column":0},"end":{"line":null,"column":-1}},{"start":{"line":82,"column":0},"end":{"line":null,"column":-1}}]}},"s":{"0":2,"1":2,"2":3,"3":3,"4":3,"5":3,"6":3,"7":3,"8":3,"9":18,"10":18,"11":3,"12":18,"13":3,"14":3,"15":3,"16":0,"17":18,"18":18,"19":3,"20":3},"f":{"0":3},"b":{"0":[3,15],"1":[3,15],"2":[3,0],"3":[0,3],"4":[18,0],"5":[18,18]}}
,"/Users/mmconnell/Desktop/GitHub/accums/src/components/layout/NavBar.vue": {"path":"/Users/mmconnell/Desktop/GitHub/accums/src/components/layout/NavBar.vue","statementMap":{"0":{"start":{"line":44,"column":0},"end":{"line":null,"column":-1}},"1":{"start":{"line":48,"column":0},"end":{"line":null,"column":-1}},"2":{"start":{"line":55,"column":0},"end":{"line":null,"column":-1}}},"fnMap":{},"branchMap":{},"s":{"0":1,"1":0,"2":0},"f":{},"b":{}}
,"/Users/mmconnell/Desktop/GitHub/accums/src/components/ui/BaseModal.vue": {"path":"/Users/mmconnell/Desktop/GitHub/accums/src/components/ui/BaseModal.vue","statementMap":{"0":{"start":{"line":22,"column":0},"end":{"line":null,"column":-1}}},"fnMap":{},"branchMap":{},"s":{"0":2},"f":{},"b":{}}
,"/Users/mmconnell/Desktop/GitHub/accums/src/components/ui/DataTable.vue": {"path":"/Users/mmconnell/Desktop/GitHub/accums/src/components/ui/DataTable.vue","statementMap":{"0":{"start":{"line":31,"column":0},"end":{"line":null,"column":-1}},"1":{"start":{"line":42,"column":0},"end":{"line":null,"column":-1}},"2":{"start":{"line":50,"column":0},"end":{"line":null,"column":-1}},"3":{"start":{"line":52,"column":0},"end":{"line":66,"column":0}},"4":{"start":{"line":53,"column":0},"end":{"line":null,"column":-1}},"5":{"start":{"line":55,"column":0},"end":{"line":57,"column":0}},"6":{"start":{"line":56,"column":0},"end":{"line":null,"column":-1}},"7":{"start":{"line":59,"column":0},"end":{"line":65,"column":0}},"8":{"start":{"line":60,"column":0},"end":{"line":null,"column":-1}},"9":{"start":{"line":61,"column":0},"end":{"line":65,"column":0}},"10":{"start":{"line":62,"column":0},"end":{"line":null,"column":-1}},"11":{"start":{"line":64,"column":0},"end":{"line":null,"column":-1}},"12":{"start":{"line":71,"column":0},"end":{"line":74,"column":0}},"13":{"start":{"line":72,"column":0},"end":{"line":null,"column":-1}},"14":{"start":{"line":76,"column":0},"end":{"line":null,"column":-1}}},"fnMap":{"0":{"name":"(anonymous_1)","decl":{"start":{"line":49,"column":0},"end":{"line":null,"column":-1}},"loc":{"start":{"line":49,"column":0},"end":{"line":67,"column":0}}},"1":{"name":"(anonymous_2)","decl":{"start":{"line":52,"column":0},"end":{"line":null,"column":-1}},"loc":{"start":{"line":52,"column":0},"end":{"line":66,"column":0}}}},"branchMap":{"0":{"loc":{"start":{"line":55,"column":0},"end":{"line":57,"column":0}},"type":"if","locations":[{"start":{"line":55,"column":0},"end":{"line":57,"column":0}},{"start":{"line":55,"column":0},"end":{"line":57,"column":0}}]},"1":{"loc":{"start":{"line":59,"column":0},"end":{"line":65,"column":0}},"type":"if","locations":[{"start":{"line":59,"column":0},"end":{"line":65,"column":0}},{"start":{"line":59,"column":0},"end":{"line":65,"column":0}}]},"2":{"loc":{"start":{"line":61,"column":0},"end":{"line":65,"column":0}},"type":"if","locations":[{"start":{"line":61,"column":0},"end":{"line":65,"column":0}},{"start":{"line":61,"column":0},"end":{"line":65,"column":0}}]},"3":{"loc":{"start":{"line":71,"column":0},"end":{"line":74,"column":0}},"type":"if","locations":[{"start":{"line":71,"column":0},"end":{"line":74,"column":0}},{"start":{"line":71,"column":0},"end":{"line":74,"column":0}}]},"4":{"loc":{"start":{"line":72,"column":0},"end":{"line":null,"column":-1}},"type":"cond-expr","locations":[{"start":{"line":72,"column":0},"end":{"line":null,"column":-1}},{"start":{"line":72,"column":0},"end":{"line":null,"column":-1}}]}},"s":{"0":5,"1":8,"2":8,"3":8,"4":8,"5":8,"6":0,"7":8,"8":0,"9":8,"10":0,"11":8,"12":0,"13":0,"14":0},"f":{"0":8,"1":8},"b":{"0":[0,8],"1":[0,8],"2":[0,8],"3":[0,0],"4":[0,0]}}
,"/Users/mmconnell/Desktop/GitHub/accums/src/components/views/Eligibility/ContactInfo.vue": {"path":"/Users/mmconnell/Desktop/GitHub/accums/src/components/views/Eligibility/ContactInfo.vue","statementMap":{"0":{"start":{"line":40,"column":0},"end":{"line":null,"column":-1}}},"fnMap":{},"branchMap":{},"s":{"0":1},"f":{},"b":{}}
,"/Users/mmconnell/Desktop/GitHub/accums/src/components/views/Eligibility/EmploymentInfo.vue": {"path":"/Users/mmconnell/Desktop/GitHub/accums/src/components/views/Eligibility/EmploymentInfo.vue","statementMap":{"0":{"start":{"line":20,"column":0},"end":{"line":null,"column":-1}}},"fnMap":{},"branchMap":{},"s":{"0":1},"f":{},"b":{}}
,"/Users/mmconnell/Desktop/GitHub/accums/src/components/views/Eligibility/PersonalInfo.vue": {"path":"/Users/mmconnell/Desktop/GitHub/accums/src/components/views/Eligibility/PersonalInfo.vue","statementMap":{"0":{"start":{"line":39,"column":0},"end":{"line":null,"column":-1}}},"fnMap":{},"branchMap":{},"s":{"0":1},"f":{},"b":{}}
,"/Users/mmconnell/Desktop/GitHub/accums/src/components/views/Eligibility/PlanInfo.vue": {"path":"/Users/mmconnell/Desktop/GitHub/accums/src/components/views/Eligibility/PlanInfo.vue","statementMap":{"0":{"start":{"line":37,"column":0},"end":{"line":null,"column":-1}}},"fnMap":{},"branchMap":{},"s":{"0":1},"f":{},"b":{}}
,"/Users/mmconnell/Desktop/GitHub/accums/src/components/views/Eligibility/index.vue": {"path":"/Users/mmconnell/Desktop/GitHub/accums/src/components/views/Eligibility/index.vue","statementMap":{"0":{"start":{"line":1,"column":1},"end":{"line":89,"column":4}},"1":{"start":{"line":4,"column":29},"end":{"line":4,"column":136}},"2":{"start":{"line":6,"column":0},"end":{"line":8,"column":3}},"3":{"start":{"line":9,"column":0},"end":{"line":9,"column":25}},"4":{"start":{"line":11,"column":23},"end":{"line":11,"column":90}},"5":{"start":{"line":13,"column":26},"end":{"line":13,"column":96}},"6":{"start":{"line":15,"column":21},"end":{"line":15,"column":86}},"7":{"start":{"line":17,"column":20},"end":{"line":17,"column":73}},"8":{"start":{"line":19,"column":22},"end":{"line":19,"column":77}},"9":{"start":{"line":21,"column":19},"end":{"line":21,"column":71}},"10":{"start":{"line":23,"column":16},"end":{"line":23,"column":65}},"11":{"start":{"line":67,"column":15},"end":{"line":87,"column":1}},"12":{"start":{"line":79,"column":4},"end":{"line":84,"column":6}},"13":{"start":{"line":88,"column":0},"end":{"line":88,"column":27}},"14":{"start":{"line":90,"column":20},"end":{"line":90,"column":89}},"15":{"start":{"line":90,"column":114},"end":{"line":90,"column":187}},"16":{"start":{"line":91,"column":0},"end":{"line":91,"column":1170}},"17":{"start":{"line":91,"column":54},"end":{"line":91,"column":58}},"18":{"start":{"line":91,"column":66},"end":{"line":91,"column":84}},"19":{"start":{"line":91,"column":92},"end":{"line":91,"column":108}},"20":{"start":{"line":91,"column":109},"end":{"line":91,"column":1169}},"21":{"start":{"line":92,"column":0},"end":{"line":92,"column":37}}},"fnMap":{"0":{"name":"(anonymous_0)","decl":{"start":{"line":1,"column":2},"end":{"line":1,"column":3}},"loc":{"start":{"line":1,"column":12},"end":{"line":89,"column":1}},"line":1},"1":{"name":"render","decl":{"start":{"line":91,"column":35},"end":{"line":91,"column":41}},"loc":{"start":{"line":91,"column":45},"end":{"line":91,"column":1170}},"line":91}},"branchMap":{"0":{"loc":{"start":{"line":90,"column":20},"end":{"line":90,"column":89}},"type":"cond-expr","locations":[{"start":{"line":90,"column":50},"end":{"line":90,"column":72}},{"start":{"line":90,"column":75},"end":{"line":90,"column":89}}],"line":90},"1":{"loc":{"start":{"line":90,"column":114},"end":{"line":90,"column":187}},"type":"cond-expr","locations":[{"start":{"line":90,"column":151},"end":{"line":90,"column":172}},{"start":{"line":90,"column":174},"end":{"line":90,"column":187}}],"line":90},"2":{"loc":{"start":{"line":91,"column":92},"end":{"line":91,"column":108}},"type":"binary-expr","locations":[{"start":{"line":91,"column":92},"end":{"line":91,"column":104}},{"start":{"line":91,"column":106},"end":{"line":91,"column":108}}],"line":91}},"s":{"0":1,"1":1,"2":1,"3":1,"4":1,"5":1,"6":1,"7":1,"8":1,"9":1,"10":1,"11":1,"12":1,"13":1,"14":1,"15":1,"16":1,"17":1,"18":1,"19":1,"20":1,"21":1},"f":{"0":1,"1":1},"b":{"0":[1,0],"1":[0,1],"2":[1,0]},"_coverageSchema":"332fd63041d2c1bcb487cc26dd0d5f7d97098a6c","hash":"e337db1bdce76c2e5f767e103b73bdce56ace761"}
,"/Users/mmconnell/Desktop/GitHub/accums/src/components/views/Home/index.vue": {"path":"/Users/mmconnell/Desktop/GitHub/accums/src/components/views/Home/index.vue","statementMap":{"0":{"start":{"line":21,"column":0},"end":{"line":null,"column":-1}},"1":{"start":{"line":23,"column":0},"end":{"line":null,"column":-1}},"2":{"start":{"line":31,"column":0},"end":{"line":null,"column":-1}}},"fnMap":{},"branchMap":{},"s":{"0":1,"1":1,"2":4},"f":{},"b":{}}
,"/Users/mmconnell/Desktop/GitHub/accums/src/mixins/dataHelpers.js": {"path":"/Users/mmconnell/Desktop/GitHub/accums/src/mixins/dataHelpers.js","statementMap":{"0":{"start":{"line":1,"column":27},"end":{"line":33,"column":1}},"1":{"start":{"line":4,"column":6},"end":{"line":4,"column":44}},"2":{"start":{"line":7,"column":6},"end":{"line":14,"column":7}},"3":{"start":{"line":8,"column":20},"end":{"line":8,"column":47}},"4":{"start":{"line":9,"column":17},"end":{"line":9,"column":32}},"5":{"start":{"line":10,"column":20},"end":{"line":10,"column":54}},"6":{"start":{"line":11,"column":19},"end":{"line":11,"column":42}},"7":{"start":{"line":13,"column":8},"end":{"line":13,"column":79}},"8":{"start":{"line":15,"column":6},"end":{"line":15,"column":15}},"9":{"start":{"line":18,"column":6},"end":{"line":20,"column":7}},"10":{"start":{"line":19,"column":8},"end":{"line":19,"column":35}},"11":{"start":{"line":23,"column":6},"end":{"line":25,"column":7}},"12":{"start":{"line":24,"column":8},"end":{"line":24,"column":83}},"13":{"start":{"line":28,"column":6},"end":{"line":30,"column":7}},"14":{"start":{"line":29,"column":8},"end":{"line":29,"column":82}}},"fnMap":{},"branchMap":{"0":{"loc":{"start":{"line":7,"column":6},"end":{"line":14,"column":7}},"type":"if","locations":[{"start":{"line":7,"column":6},"end":{"line":14,"column":7}},{"start":{"line":7,"column":6},"end":{"line":14,"column":7}}],"line":7},"1":{"loc":{"start":{"line":18,"column":6},"end":{"line":20,"column":7}},"type":"if","locations":[{"start":{"line":18,"column":6},"end":{"line":20,"column":7}},{"start":{"line":18,"column":6},"end":{"line":20,"column":7}}],"line":18},"2":{"loc":{"start":{"line":23,"column":6},"end":{"line":25,"column":7}},"type":"if","locations":[{"start":{"line":23,"column":6},"end":{"line":25,"column":7}},{"start":{"line":23,"column":6},"end":{"line":25,"column":7}}],"line":23},"3":{"loc":{"start":{"line":28,"column":6},"end":{"line":30,"column":7}},"type":"if","locations":[{"start":{"line":28,"column":6},"end":{"line":30,"column":7}},{"start":{"line":28,"column":6},"end":{"line":30,"column":7}}],"line":28}},"s":{"0":5,"1":5,"2":63,"3":63,"4":63,"5":63,"6":63,"7":63,"8":0,"9":10,"10":10,"11":0,"12":0,"13":0,"14":0},"f":{},"b":{"0":[63,0],"1":[10,0],"2":[0,0],"3":[0,0]},"_coverageSchema":"332fd63041d2c1bcb487cc26dd0d5f7d97098a6c","hash":"cbab6b4c377d340be6a890ad6557c290b0e20ebb"}
,"/Users/mmconnell/Desktop/GitHub/accums/src/store/index.js": {"path":"/Users/mmconnell/Desktop/GitHub/accums/src/store/index.js","statementMap":{"0":{"start":{"line":11,"column":0},"end":{"line":11,"column":13}}},"fnMap":{},"branchMap":{},"s":{"0":2},"f":{},"b":{},"_coverageSchema":"332fd63041d2c1bcb487cc26dd0d5f7d97098a6c","hash":"d522124d059cc5551e97a7f63ebba506abd58347"}
,"/Users/mmconnell/Desktop/GitHub/accums/src/store/mutation-types.js": {"path":"/Users/mmconnell/Desktop/GitHub/accums/src/store/mutation-types.js","statementMap":{"0":{"start":{"line":2,"column":26},"end":{"line":2,"column":38}},"1":{"start":{"line":5,"column":27},"end":{"line":5,"column":40}}},"fnMap":{},"branchMap":{},"s":{"0":2,"1":2},"f":{},"b":{},"_coverageSchema":"332fd63041d2c1bcb487cc26dd0d5f7d97098a6c","hash":"1e958541f1ba00bcfb2fc5ff6fc60500c9e517b4"}
,"/Users/mmconnell/Desktop/GitHub/accums/src/store/modules/modal.js": {"path":"/Users/mmconnell/Desktop/GitHub/accums/src/store/modules/modal.js","statementMap":{"0":{"start":{"line":5,"column":14},"end":{"line":7,"column":1}},"1":{"start":{"line":9,"column":18},"end":{"line":13,"column":1}},"2":{"start":{"line":11,"column":4},"end":{"line":11,"column":38}}},"fnMap":{},"branchMap":{},"s":{"0":2,"1":2,"2":0},"f":{},"b":{},"_coverageSchema":"332fd63041d2c1bcb487cc26dd0d5f7d97098a6c","hash":"eb8021c759c17a84214c4f2aebde2d9198930d13"}
,"/Users/mmconnell/Desktop/GitHub/accums/src/store/modules/navbar.js": {"path":"/Users/mmconnell/Desktop/GitHub/accums/src/store/modules/navbar.js","statementMap":{"0":{"start":{"line":3,"column":14},"end":{"line":5,"column":1}},"1":{"start":{"line":7,"column":18},"end":{"line":11,"column":1}},"2":{"start":{"line":9,"column":4},"end":{"line":9,"column":28}}},"fnMap":{},"branchMap":{},"s":{"0":2,"1":2,"2":0},"f":{},"b":{},"_coverageSchema":"332fd63041d2c1bcb487cc26dd0d5f7d97098a6c","hash":"8c4c054ea2b58b12adfdf54c73bb6db38600be8d"}
}
