TN:
SF:/Users/mmconnell/Desktop/GitHub/accums/data/SampleClaims.js
FNF:0
FNH:0
LF:0
LH:0
BRF:0
BRH:0
end_of_record
TN:
SF:/Users/mmconnell/Desktop/GitHub/accums/data/SampleElig.js
FNF:0
FNH:0
LF:0
LH:0
BRF:0
BRH:0
end_of_record
TN:
SF:/Users/mmconnell/Desktop/GitHub/accums/src/App.vue
FNF:0
FNH:0
DA:10,1
LF:1
LH:1
BRF:0
BRH:0
end_of_record
TN:
SF:/Users/mmconnell/Desktop/GitHub/accums/src/components/layout/AccumsDashboard.vue
FN:61,(anonymous_1)
FNF:1
FNH:1
FNDA:5,(anonymous_1)
DA:10,2
DA:12,2
DA:26,5
DA:61,5
DA:62,5
DA:65,5
DA:67,5
DA:69,5
DA:71,5
DA:72,35
DA:74,35
DA:75,5
DA:76,5
DA:78,0
DA:82,35
DA:84,5
DA:86,0
DA:87,0
DA:89,5
DA:90,5
DA:92,0
DA:93,0
DA:97,35
DA:98,5
DA:101,35
DA:102,5
DA:105,35
DA:106,5
DA:112,35
DA:113,35
DA:117,5
DA:119,5
LF:32
LH:27
BRDA:74,0,0,5
BRDA:74,0,1,30
BRDA:75,1,0,5
BRDA:75,1,1,0
BRDA:82,2,0,5
BRDA:82,2,1,30
BRDA:85,3,0,0
BRDA:85,3,1,5
BRDA:85,3,2,0
BRDA:97,4,0,5
BRDA:97,4,1,30
BRDA:101,5,0,5
BRDA:101,5,1,30
BRDA:105,6,0,5
BRDA:105,6,1,30
BRDA:112,7,0,35
BRDA:112,7,1,0
BRDA:112,8,0,35
BRDA:112,8,1,35
BRF:19
BRH:15
end_of_record
TN:
SF:/Users/mmconnell/Desktop/GitHub/accums/src/components/layout/CoveragesDashboard.vue
FN:65,(anonymous_1)
FNF:1
FNH:1
FNDA:28,(anonymous_1)
DA:16,3
DA:18,3
DA:38,8
DA:61,8
DA:62,8
DA:64,8
DA:65,8
DA:66,28
DA:67,28
DA:69,28
DA:73,8
DA:74,16
DA:76,16
DA:77,64
DA:79,64
DA:80,32
DA:83,64
DA:84,64
DA:88,16
DA:90,8
LF:20
LH:20
BRDA:64,0,0,8
BRDA:64,0,1,0
BRDA:79,1,0,32
BRDA:79,1,1,32
BRDA:83,2,0,64
BRDA:83,2,1,0
BRDA:83,3,0,64
BRDA:83,3,1,64
BRF:8
BRH:6
end_of_record
TN:
SF:/Users/mmconnell/Desktop/GitHub/accums/src/components/layout/GapsDashboard.vue
FN:57,(anonymous_1)
FNF:1
FNH:1
FNDA:3,(anonymous_1)
DA:10,2
DA:12,2
DA:26,3
DA:57,3
DA:58,3
DA:61,3
DA:63,3
DA:64,3
DA:66,3
DA:67,18
DA:69,18
DA:70,3
DA:73,18
DA:74,3
DA:75,3
DA:77,3
DA:78,0
DA:82,18
DA:83,18
DA:87,3
DA:89,3
LF:21
LH:20
BRDA:69,0,0,3
BRDA:69,0,1,15
BRDA:73,1,0,3
BRDA:73,1,1,15
BRDA:74,2,0,3
BRDA:74,2,1,0
BRDA:77,3,0,0
BRDA:77,3,1,3
BRDA:82,4,0,18
BRDA:82,4,1,0
BRDA:82,5,0,18
BRDA:82,5,1,18
BRF:12
BRH:9
end_of_record
TN:
SF:/Users/mmconnell/Desktop/GitHub/accums/src/components/layout/NavBar.vue
FNF:0
FNH:0
DA:44,1
DA:48,0
DA:55,0
LF:3
LH:1
BRF:0
BRH:0
end_of_record
TN:
SF:/Users/mmconnell/Desktop/GitHub/accums/src/components/ui/BaseModal.vue
FNF:0
FNH:0
DA:22,2
LF:1
LH:1
BRF:0
BRH:0
end_of_record
TN:
SF:/Users/mmconnell/Desktop/GitHub/accums/src/components/ui/DataTable.vue
FN:49,(anonymous_1)
FN:52,(anonymous_2)
FNF:2
FNH:2
FNDA:8,(anonymous_1)
FNDA:8,(anonymous_2)
DA:31,5
DA:42,8
DA:50,8
DA:52,8
DA:53,8
DA:55,8
DA:56,0
DA:59,8
DA:60,0
DA:61,8
DA:62,0
DA:64,8
DA:71,0
DA:72,0
DA:76,0
LF:15
LH:9
BRDA:55,0,0,0
BRDA:55,0,1,8
BRDA:59,1,0,0
BRDA:59,1,1,8
BRDA:61,2,0,0
BRDA:61,2,1,8
BRDA:71,3,0,0
BRDA:71,3,1,0
BRDA:72,4,0,0
BRDA:72,4,1,0
BRF:10
BRH:3
end_of_record
TN:
SF:/Users/mmconnell/Desktop/GitHub/accums/src/components/views/Eligibility/ContactInfo.vue
FNF:0
FNH:0
DA:40,1
LF:1
LH:1
BRF:0
BRH:0
end_of_record
TN:
SF:/Users/mmconnell/Desktop/GitHub/accums/src/components/views/Eligibility/EmploymentInfo.vue
FNF:0
FNH:0
DA:20,1
LF:1
LH:1
BRF:0
BRH:0
end_of_record
TN:
SF:/Users/mmconnell/Desktop/GitHub/accums/src/components/views/Eligibility/PersonalInfo.vue
FNF:0
FNH:0
DA:39,1
LF:1
LH:1
BRF:0
BRH:0
end_of_record
TN:
SF:/Users/mmconnell/Desktop/GitHub/accums/src/components/views/Eligibility/PlanInfo.vue
FNF:0
FNH:0
DA:37,1
LF:1
LH:1
BRF:0
BRH:0
end_of_record
TN:
SF:/Users/mmconnell/Desktop/GitHub/accums/src/components/views/Eligibility/index.vue
FN:1,(anonymous_0)
FN:91,render
FNF:2
FNH:2
FNDA:1,(anonymous_0)
FNDA:1,render
DA:1,1
DA:4,1
DA:6,1
DA:9,1
DA:11,1
DA:13,1
DA:15,1
DA:17,1
DA:19,1
DA:21,1
DA:23,1
DA:67,1
DA:79,1
DA:88,1
DA:90,1
DA:91,1
DA:92,1
LF:17
LH:17
BRDA:90,0,0,1
BRDA:90,0,1,0
BRDA:90,1,0,0
BRDA:90,1,1,1
BRDA:91,2,0,1
BRDA:91,2,1,0
BRF:6
BRH:3
end_of_record
TN:
SF:/Users/mmconnell/Desktop/GitHub/accums/src/components/views/Home/index.vue
FNF:0
FNH:0
DA:21,1
DA:23,1
DA:31,4
LF:3
LH:3
BRF:0
BRH:0
end_of_record
TN:
SF:/Users/mmconnell/Desktop/GitHub/accums/src/mixins/dataHelpers.js
FNF:0
FNH:0
DA:1,5
DA:4,5
DA:7,63
DA:8,63
DA:9,63
DA:10,63
DA:11,63
DA:13,63
DA:15,0
DA:18,10
DA:19,10
DA:23,0
DA:24,0
DA:28,0
DA:29,0
LF:15
LH:10
BRDA:7,0,0,63
BRDA:7,0,1,0
BRDA:18,1,0,10
BRDA:18,1,1,0
BRDA:23,2,0,0
BRDA:23,2,1,0
BRDA:28,3,0,0
BRDA:28,3,1,0
BRF:8
BRH:2
end_of_record
TN:
SF:/Users/mmconnell/Desktop/GitHub/accums/src/store/index.js
FNF:0
FNH:0
DA:11,2
LF:1
LH:1
BRF:0
BRH:0
end_of_record
TN:
SF:/Users/mmconnell/Desktop/GitHub/accums/src/store/mutation-types.js
FNF:0
FNH:0
DA:2,2
DA:5,2
LF:2
LH:2
BRF:0
BRH:0
end_of_record
TN:
SF:/Users/mmconnell/Desktop/GitHub/accums/src/store/modules/modal.js
FNF:0
FNH:0
DA:5,2
DA:9,2
DA:11,0
LF:3
LH:2
BRF:0
BRH:0
end_of_record
TN:
SF:/Users/mmconnell/Desktop/GitHub/accums/src/store/modules/navbar.js
FNF:0
FNH:0
DA:3,2
DA:7,2
DA:9,0
LF:3
LH:2
BRF:0
BRH:0
end_of_record
